<?xml version='1.0' encoding='UTF-8'?>
<testsuite hostname="rgnt1-32-113-dhcp.int.colorado.edu" name="jsy.student.Lab6SpecRunner" tests="33" errors="0" failures="5" skipped="0" time="0.065" timestamp="2022-11-29T15:02:12">
          <properties>
[...]
</properties>
          <testcase classname="jsy.student.Lab6SpecRunner" name="foldLeftAndThen should perform left-to-right, in-order traversal and yield List(6, 5, 4, 3, 2, 1)" time="0.016">
                      
                    </testcase><testcase classname="jsy.student.Lab6SpecRunner" name="foldLeftAndThen should then call the success continuation and yield List(12, 10, 8, 6, 4, 2)" time="0.001">
                      
                    </testcase><testcase classname="jsy.student.Lab6SpecRunner" name="dfs should perform depth first search and yield List(3, 2, 1)" time="0.002">
                      
                    </testcase><testcase classname="jsy.student.Lab6SpecRunner" name="parse should on 'a' produce a RegExpr AST matching the reference" time="0.026">
                      <failure type="jsy.lab5.Parser$SyntaxError">SyntaxError
&lt;source&gt;:1:1: expected intersect
a
^
	at jsy.lab6.Lab6Like$REParserLike.parse(Lab6Like.scala:59)
	at jsy.lab6.Lab6Like$REParserLike.parse$(Lab6Like.scala:56)
	at jsy.student.Lab6$REParser$.parse(Lab6.scala:84)
	at jsy.lab6.Lab6Like$REParserLike.parse(Lab6Like.scala:63)
	at jsy.lab6.Lab6Like$REParserLike.parse$(Lab6Like.scala:63)
	at jsy.student.Lab6$REParser$.parse(Lab6.scala:84)
	at jsy.student.Lab6Spec.$anonfun$new$23(Lab6Spec.scala:117)
	at org.scalatest.OutcomeOf.outcomeOf(OutcomeOf.scala:85)
	at org.scalatest.OutcomeOf.outcomeOf$(OutcomeOf.scala:83)
	at org.scalatest.OutcomeOf$.outcomeOf(OutcomeOf.scala:104)
	at org.scalatest.Transformer.apply(Transformer.scala:22)
	at org.scalatest.Transformer.apply(Transformer.scala:20)
	at org.scalatest.flatspec.AnyFlatSpecLike$$anon$5.apply(AnyFlatSpecLike.scala:1812)
	at org.scalatest.TestSuite.withFixture(TestSuite.scala:196)
	at org.scalatest.TestSuite.withFixture$(TestSuite.scala:195)
	at org.scalatest.flatspec.AnyFlatSpec.withFixture(AnyFlatSpec.scala:1686)
	at org.scalatest.flatspec.AnyFlatSpecLike.invokeWithFixture$1(AnyFlatSpecLike.scala:1810)
	at org.scalatest.flatspec.AnyFlatSpecLike.$anonfun$runTest$1(AnyFlatSpecLike.scala:1822)
	at org.scalatest.SuperEngine.runTestImpl(Engine.scala:306)
	at org.scalatest.flatspec.AnyFlatSpecLike.runTest(AnyFlatSpecLike.scala:1822)
	at org.scalatest.flatspec.AnyFlatSpecLike.runTest$(AnyFlatSpecLike.scala:1804)
	at org.scalatest.flatspec.AnyFlatSpec.runTest(AnyFlatSpec.scala:1686)
	at org.scalatest.flatspec.AnyFlatSpecLike.$anonfun$runTests$1(AnyFlatSpecLike.scala:1880)
	at org.scalatest.SuperEngine.$anonfun$runTestsInBranch$1(Engine.scala:413)
	at scala.collection.immutable.List.foreach(List.scala:333)
	at org.scalatest.SuperEngine.traverseSubNodes$1(Engine.scala:401)
	at org.scalatest.SuperEngine.runTestsInBranch(Engine.scala:390)
	at org.scalatest.SuperEngine.$anonfun$runTestsInBranch$1(Engine.scala:427)
	at scala.collection.immutable.List.foreach(List.scala:333)
	at org.scalatest.SuperEngine.traverseSubNodes$1(Engine.scala:401)
	at org.scalatest.SuperEngine.runTestsInBranch(Engine.scala:396)
	at org.scalatest.SuperEngine.runTestsImpl(Engine.scala:475)
	at org.scalatest.flatspec.AnyFlatSpecLike.runTests(AnyFlatSpecLike.scala:1880)
	at org.scalatest.flatspec.AnyFlatSpecLike.runTests$(AnyFlatSpecLike.scala:1879)
	at org.scalatest.flatspec.AnyFlatSpec.runTests(AnyFlatSpec.scala:1686)
	at org.scalatest.Suite.run(Suite.scala:1114)
	at org.scalatest.Suite.run$(Suite.scala:1096)
	at org.scalatest.flatspec.AnyFlatSpec.org$scalatest$flatspec$AnyFlatSpecLike$$super$run(AnyFlatSpec.scala:1686)
	at org.scalatest.flatspec.AnyFlatSpecLike.$anonfun$run$1(AnyFlatSpecLike.scala:1925)
	at org.scalatest.SuperEngine.runImpl(Engine.scala:535)
	at org.scalatest.flatspec.AnyFlatSpecLike.run(AnyFlatSpecLike.scala:1925)
	at org.scalatest.flatspec.AnyFlatSpecLike.run$(AnyFlatSpecLike.scala:1923)
	at org.scalatest.flatspec.AnyFlatSpec.run(AnyFlatSpec.scala:1686)
	at org.scalatest.tools.Framework.org$scalatest$tools$Framework$$runSuite(Framework.scala:321)
	at org.scalatest.tools.Framework$ScalaTestTask.execute(Framework.scala:516)
	at sbt.TestRunner.runTest$1(TestFramework.scala:146)
	at sbt.TestRunner.run(TestFramework.scala:161)
	at sbt.TestFramework$$anon$3$$anonfun$$lessinit$greater$1.$anonfun$apply$1(TestFramework.scala:329)
	at sbt.TestFramework$.sbt$TestFramework$$withContextLoader(TestFramework.scala:289)
	at sbt.TestFramework$$anon$3$$anonfun$$lessinit$greater$1.apply(TestFramework.scala:329)
	at sbt.TestFramework$$anon$3$$anonfun$$lessinit$greater$1.apply(TestFramework.scala:329)
	at sbt.TestFunction.apply(TestFramework.scala:341)
	at sbt.Tests$.$anonfun$toTask$1(Tests.scala:435)
	at sbt.std.Transform$$anon$3.$anonfun$apply$2(Transform.scala:46)
	at sbt.std.Transform$$anon$4.work(Transform.scala:68)
	at sbt.Execute.$anonfun$submit$2(Execute.scala:282)
	at sbt.internal.util.ErrorHandling$.wideConvert(ErrorHandling.scala:23)
	at sbt.Execute.work(Execute.scala:291)
	at sbt.Execute.$anonfun$submit$1(Execute.scala:282)
	at sbt.ConcurrentRestrictions$$anon$4.$anonfun$submitValid$1(ConcurrentRestrictions.scala:265)
	at sbt.CompletionService$$anon$2.call(CompletionService.scala:64)
	at java.base/java.util.concurrent.FutureTask.run(FutureTask.java:264)
	at java.base/java.util.concurrent.Executors$RunnableAdapter.call(Executors.java:539)
	at java.base/java.util.concurrent.FutureTask.run(FutureTask.java:264)
	at java.base/java.util.concurrent.ThreadPoolExecutor.runWorker(ThreadPoolExecutor.java:1136)
	at java.base/java.util.concurrent.ThreadPoolExecutor$Worker.run(ThreadPoolExecutor.java:635)
	at java.base/java.lang.Thread.run(Thread.java:833)
</failure>
                    </testcase><testcase classname="jsy.student.Lab6SpecRunner" name="parse should on 'b' produce a RegExpr AST matching the reference" time="0.001">
                      <failure type="jsy.lab5.Parser$SyntaxError">SyntaxError
&lt;source&gt;:1:1: expected intersect
b
^
	at jsy.lab6.Lab6Like$REParserLike.parse(Lab6Like.scala:59)
	at jsy.lab6.Lab6Like$REParserLike.parse$(Lab6Like.scala:56)
	at jsy.student.Lab6$REParser$.parse(Lab6.scala:84)
	at jsy.lab6.Lab6Like$REParserLike.parse(Lab6Like.scala:63)
	at jsy.lab6.Lab6Like$REParserLike.parse$(Lab6Like.scala:63)
	at jsy.student.Lab6$REParser$.parse(Lab6.scala:84)
	at jsy.student.Lab6Spec.$anonfun$new$23(Lab6Spec.scala:117)
	at org.scalatest.OutcomeOf.outcomeOf(OutcomeOf.scala:85)
	at org.scalatest.OutcomeOf.outcomeOf$(OutcomeOf.scala:83)
	at org.scalatest.OutcomeOf$.outcomeOf(OutcomeOf.scala:104)
	at org.scalatest.Transformer.apply(Transformer.scala:22)
	at org.scalatest.Transformer.apply(Transformer.scala:20)
	at org.scalatest.flatspec.AnyFlatSpecLike$$anon$5.apply(AnyFlatSpecLike.scala:1812)
	at org.scalatest.TestSuite.withFixture(TestSuite.scala:196)
	at org.scalatest.TestSuite.withFixture$(TestSuite.scala:195)
	at org.scalatest.flatspec.AnyFlatSpec.withFixture(AnyFlatSpec.scala:1686)
	at org.scalatest.flatspec.AnyFlatSpecLike.invokeWithFixture$1(AnyFlatSpecLike.scala:1810)
	at org.scalatest.flatspec.AnyFlatSpecLike.$anonfun$runTest$1(AnyFlatSpecLike.scala:1822)
	at org.scalatest.SuperEngine.runTestImpl(Engine.scala:306)
	at org.scalatest.flatspec.AnyFlatSpecLike.runTest(AnyFlatSpecLike.scala:1822)
	at org.scalatest.flatspec.AnyFlatSpecLike.runTest$(AnyFlatSpecLike.scala:1804)
	at org.scalatest.flatspec.AnyFlatSpec.runTest(AnyFlatSpec.scala:1686)
	at org.scalatest.flatspec.AnyFlatSpecLike.$anonfun$runTests$1(AnyFlatSpecLike.scala:1880)
	at org.scalatest.SuperEngine.$anonfun$runTestsInBranch$1(Engine.scala:413)
	at scala.collection.immutable.List.foreach(List.scala:333)
	at org.scalatest.SuperEngine.traverseSubNodes$1(Engine.scala:401)
	at org.scalatest.SuperEngine.runTestsInBranch(Engine.scala:390)
	at org.scalatest.SuperEngine.$anonfun$runTestsInBranch$1(Engine.scala:427)
	at scala.collection.immutable.List.foreach(List.scala:333)
	at org.scalatest.SuperEngine.traverseSubNodes$1(Engine.scala:401)
	at org.scalatest.SuperEngine.runTestsInBranch(Engine.scala:396)
	at org.scalatest.SuperEngine.runTestsImpl(Engine.scala:475)
	at org.scalatest.flatspec.AnyFlatSpecLike.runTests(AnyFlatSpecLike.scala:1880)
	at org.scalatest.flatspec.AnyFlatSpecLike.runTests$(AnyFlatSpecLike.scala:1879)
	at org.scalatest.flatspec.AnyFlatSpec.runTests(AnyFlatSpec.scala:1686)
	at org.scalatest.Suite.run(Suite.scala:1114)
	at org.scalatest.Suite.run$(Suite.scala:1096)
	at org.scalatest.flatspec.AnyFlatSpec.org$scalatest$flatspec$AnyFlatSpecLike$$super$run(AnyFlatSpec.scala:1686)
	at org.scalatest.flatspec.AnyFlatSpecLike.$anonfun$run$1(AnyFlatSpecLike.scala:1925)
	at org.scalatest.SuperEngine.runImpl(Engine.scala:535)
	at org.scalatest.flatspec.AnyFlatSpecLike.run(AnyFlatSpecLike.scala:1925)
	at org.scalatest.flatspec.AnyFlatSpecLike.run$(AnyFlatSpecLike.scala:1923)
	at org.scalatest.flatspec.AnyFlatSpec.run(AnyFlatSpec.scala:1686)
	at org.scalatest.tools.Framework.org$scalatest$tools$Framework$$runSuite(Framework.scala:321)
	at org.scalatest.tools.Framework$ScalaTestTask.execute(Framework.scala:516)
	at sbt.TestRunner.runTest$1(TestFramework.scala:146)
	at sbt.TestRunner.run(TestFramework.scala:161)
	at sbt.TestFramework$$anon$3$$anonfun$$lessinit$greater$1.$anonfun$apply$1(TestFramework.scala:329)
	at sbt.TestFramework$.sbt$TestFramework$$withContextLoader(TestFramework.scala:289)
	at sbt.TestFramework$$anon$3$$anonfun$$lessinit$greater$1.apply(TestFramework.scala:329)
	at sbt.TestFramework$$anon$3$$anonfun$$lessinit$greater$1.apply(TestFramework.scala:329)
	at sbt.TestFunction.apply(TestFramework.scala:341)
	at sbt.Tests$.$anonfun$toTask$1(Tests.scala:435)
	at sbt.std.Transform$$anon$3.$anonfun$apply$2(Transform.scala:46)
	at sbt.std.Transform$$anon$4.work(Transform.scala:68)
	at sbt.Execute.$anonfun$submit$2(Execute.scala:282)
	at sbt.internal.util.ErrorHandling$.wideConvert(ErrorHandling.scala:23)
	at sbt.Execute.work(Execute.scala:291)
	at sbt.Execute.$anonfun$submit$1(Execute.scala:282)
	at sbt.ConcurrentRestrictions$$anon$4.$anonfun$submitValid$1(ConcurrentRestrictions.scala:265)
	at sbt.CompletionService$$anon$2.call(CompletionService.scala:64)
	at java.base/java.util.concurrent.FutureTask.run(FutureTask.java:264)
	at java.base/java.util.concurrent.Executors$RunnableAdapter.call(Executors.java:539)
	at java.base/java.util.concurrent.FutureTask.run(FutureTask.java:264)
	at java.base/java.util.concurrent.ThreadPoolExecutor.runWorker(ThreadPoolExecutor.java:1136)
	at java.base/java.util.concurrent.ThreadPoolExecutor$Worker.run(ThreadPoolExecutor.java:635)
	at java.base/java.lang.Thread.run(Thread.java:833)
</failure>
                    </testcase><testcase classname="jsy.student.Lab6SpecRunner" name="parse should on '.' produce a RegExpr AST matching the reference" time="0.0">
                      <failure type="jsy.lab5.Parser$SyntaxError">SyntaxError
&lt;source&gt;:1:1: expected intersect
.
^
	at jsy.lab6.Lab6Like$REParserLike.parse(Lab6Like.scala:59)
	at jsy.lab6.Lab6Like$REParserLike.parse$(Lab6Like.scala:56)
	at jsy.student.Lab6$REParser$.parse(Lab6.scala:84)
	at jsy.lab6.Lab6Like$REParserLike.parse(Lab6Like.scala:63)
	at jsy.lab6.Lab6Like$REParserLike.parse$(Lab6Like.scala:63)
	at jsy.student.Lab6$REParser$.parse(Lab6.scala:84)
	at jsy.student.Lab6Spec.$anonfun$new$23(Lab6Spec.scala:117)
	at org.scalatest.OutcomeOf.outcomeOf(OutcomeOf.scala:85)
	at org.scalatest.OutcomeOf.outcomeOf$(OutcomeOf.scala:83)
	at org.scalatest.OutcomeOf$.outcomeOf(OutcomeOf.scala:104)
	at org.scalatest.Transformer.apply(Transformer.scala:22)
	at org.scalatest.Transformer.apply(Transformer.scala:20)
	at org.scalatest.flatspec.AnyFlatSpecLike$$anon$5.apply(AnyFlatSpecLike.scala:1812)
	at org.scalatest.TestSuite.withFixture(TestSuite.scala:196)
	at org.scalatest.TestSuite.withFixture$(TestSuite.scala:195)
	at org.scalatest.flatspec.AnyFlatSpec.withFixture(AnyFlatSpec.scala:1686)
	at org.scalatest.flatspec.AnyFlatSpecLike.invokeWithFixture$1(AnyFlatSpecLike.scala:1810)
	at org.scalatest.flatspec.AnyFlatSpecLike.$anonfun$runTest$1(AnyFlatSpecLike.scala:1822)
	at org.scalatest.SuperEngine.runTestImpl(Engine.scala:306)
	at org.scalatest.flatspec.AnyFlatSpecLike.runTest(AnyFlatSpecLike.scala:1822)
	at org.scalatest.flatspec.AnyFlatSpecLike.runTest$(AnyFlatSpecLike.scala:1804)
	at org.scalatest.flatspec.AnyFlatSpec.runTest(AnyFlatSpec.scala:1686)
	at org.scalatest.flatspec.AnyFlatSpecLike.$anonfun$runTests$1(AnyFlatSpecLike.scala:1880)
	at org.scalatest.SuperEngine.$anonfun$runTestsInBranch$1(Engine.scala:413)
	at scala.collection.immutable.List.foreach(List.scala:333)
	at org.scalatest.SuperEngine.traverseSubNodes$1(Engine.scala:401)
	at org.scalatest.SuperEngine.runTestsInBranch(Engine.scala:390)
	at org.scalatest.SuperEngine.$anonfun$runTestsInBranch$1(Engine.scala:427)
	at scala.collection.immutable.List.foreach(List.scala:333)
	at org.scalatest.SuperEngine.traverseSubNodes$1(Engine.scala:401)
	at org.scalatest.SuperEngine.runTestsInBranch(Engine.scala:396)
	at org.scalatest.SuperEngine.runTestsImpl(Engine.scala:475)
	at org.scalatest.flatspec.AnyFlatSpecLike.runTests(AnyFlatSpecLike.scala:1880)
	at org.scalatest.flatspec.AnyFlatSpecLike.runTests$(AnyFlatSpecLike.scala:1879)
	at org.scalatest.flatspec.AnyFlatSpec.runTests(AnyFlatSpec.scala:1686)
	at org.scalatest.Suite.run(Suite.scala:1114)
	at org.scalatest.Suite.run$(Suite.scala:1096)
	at org.scalatest.flatspec.AnyFlatSpec.org$scalatest$flatspec$AnyFlatSpecLike$$super$run(AnyFlatSpec.scala:1686)
	at org.scalatest.flatspec.AnyFlatSpecLike.$anonfun$run$1(AnyFlatSpecLike.scala:1925)
	at org.scalatest.SuperEngine.runImpl(Engine.scala:535)
	at org.scalatest.flatspec.AnyFlatSpecLike.run(AnyFlatSpecLike.scala:1925)
	at org.scalatest.flatspec.AnyFlatSpecLike.run$(AnyFlatSpecLike.scala:1923)
	at org.scalatest.flatspec.AnyFlatSpec.run(AnyFlatSpec.scala:1686)
	at org.scalatest.tools.Framework.org$scalatest$tools$Framework$$runSuite(Framework.scala:321)
	at org.scalatest.tools.Framework$ScalaTestTask.execute(Framework.scala:516)
	at sbt.TestRunner.runTest$1(TestFramework.scala:146)
	at sbt.TestRunner.run(TestFramework.scala:161)
	at sbt.TestFramework$$anon$3$$anonfun$$lessinit$greater$1.$anonfun$apply$1(TestFramework.scala:329)
	at sbt.TestFramework$.sbt$TestFramework$$withContextLoader(TestFramework.scala:289)
	at sbt.TestFramework$$anon$3$$anonfun$$lessinit$greater$1.apply(TestFramework.scala:329)
	at sbt.TestFramework$$anon$3$$anonfun$$lessinit$greater$1.apply(TestFramework.scala:329)
	at sbt.TestFunction.apply(TestFramework.scala:341)
	at sbt.Tests$.$anonfun$toTask$1(Tests.scala:435)
	at sbt.std.Transform$$anon$3.$anonfun$apply$2(Transform.scala:46)
	at sbt.std.Transform$$anon$4.work(Transform.scala:68)
	at sbt.Execute.$anonfun$submit$2(Execute.scala:282)
	at sbt.internal.util.ErrorHandling$.wideConvert(ErrorHandling.scala:23)
	at sbt.Execute.work(Execute.scala:291)
	at sbt.Execute.$anonfun$submit$1(Execute.scala:282)
	at sbt.ConcurrentRestrictions$$anon$4.$anonfun$submitValid$1(ConcurrentRestrictions.scala:265)
	at sbt.CompletionService$$anon$2.call(CompletionService.scala:64)
	at java.base/java.util.concurrent.FutureTask.run(FutureTask.java:264)
	at java.base/java.util.concurrent.Executors$RunnableAdapter.call(Executors.java:539)
	at java.base/java.util.concurrent.FutureTask.run(FutureTask.java:264)
	at java.base/java.util.concurrent.ThreadPoolExecutor.runWorker(ThreadPoolExecutor.java:1136)
	at java.base/java.util.concurrent.ThreadPoolExecutor$Worker.run(ThreadPoolExecutor.java:635)
	at java.base/java.lang.Thread.run(Thread.java:833)
</failure>
                    </testcase><testcase classname="jsy.student.Lab6SpecRunner" name="parse should on 'aa' produce a RegExpr AST matching the reference" time="0.01">
                      <failure message="Expected RConcat(RSingle(a),RSingle(a)), but got RSingle(a)" type="org.scalatest.exceptions.TestFailedException">org.scalatest.exceptions.TestFailedException: Expected RConcat(RSingle(a),RSingle(a)), but got RSingle(a)
	at org.scalatest.Assertions.newAssertionFailedException(Assertions.scala:472)
	at org.scalatest.Assertions.newAssertionFailedException$(Assertions.scala:471)
	at org.scalatest.flatspec.AnyFlatSpec.newAssertionFailedException(AnyFlatSpec.scala:1686)
	at org.scalatest.Assertions.assertResult(Assertions.scala:867)
	at org.scalatest.Assertions.assertResult$(Assertions.scala:863)
	at org.scalatest.flatspec.AnyFlatSpec.assertResult(AnyFlatSpec.scala:1686)
	at jsy.student.Lab6Spec.$anonfun$new$23(Lab6Spec.scala:117)
	at org.scalatest.OutcomeOf.outcomeOf(OutcomeOf.scala:85)
	at org.scalatest.OutcomeOf.outcomeOf$(OutcomeOf.scala:83)
	at org.scalatest.OutcomeOf$.outcomeOf(OutcomeOf.scala:104)
	at org.scalatest.Transformer.apply(Transformer.scala:22)
	at org.scalatest.Transformer.apply(Transformer.scala:20)
	at org.scalatest.flatspec.AnyFlatSpecLike$$anon$5.apply(AnyFlatSpecLike.scala:1812)
	at org.scalatest.TestSuite.withFixture(TestSuite.scala:196)
	at org.scalatest.TestSuite.withFixture$(TestSuite.scala:195)
	at org.scalatest.flatspec.AnyFlatSpec.withFixture(AnyFlatSpec.scala:1686)
	at org.scalatest.flatspec.AnyFlatSpecLike.invokeWithFixture$1(AnyFlatSpecLike.scala:1810)
	at org.scalatest.flatspec.AnyFlatSpecLike.$anonfun$runTest$1(AnyFlatSpecLike.scala:1822)
	at org.scalatest.SuperEngine.runTestImpl(Engine.scala:306)
	at org.scalatest.flatspec.AnyFlatSpecLike.runTest(AnyFlatSpecLike.scala:1822)
	at org.scalatest.flatspec.AnyFlatSpecLike.runTest$(AnyFlatSpecLike.scala:1804)
	at org.scalatest.flatspec.AnyFlatSpec.runTest(AnyFlatSpec.scala:1686)
	at org.scalatest.flatspec.AnyFlatSpecLike.$anonfun$runTests$1(AnyFlatSpecLike.scala:1880)
	at org.scalatest.SuperEngine.$anonfun$runTestsInBranch$1(Engine.scala:413)
	at scala.collection.immutable.List.foreach(List.scala:333)
	at org.scalatest.SuperEngine.traverseSubNodes$1(Engine.scala:401)
	at org.scalatest.SuperEngine.runTestsInBranch(Engine.scala:390)
	at org.scalatest.SuperEngine.$anonfun$runTestsInBranch$1(Engine.scala:427)
	at scala.collection.immutable.List.foreach(List.scala:333)
	at org.scalatest.SuperEngine.traverseSubNodes$1(Engine.scala:401)
	at org.scalatest.SuperEngine.runTestsInBranch(Engine.scala:396)
	at org.scalatest.SuperEngine.runTestsImpl(Engine.scala:475)
	at org.scalatest.flatspec.AnyFlatSpecLike.runTests(AnyFlatSpecLike.scala:1880)
	at org.scalatest.flatspec.AnyFlatSpecLike.runTests$(AnyFlatSpecLike.scala:1879)
	at org.scalatest.flatspec.AnyFlatSpec.runTests(AnyFlatSpec.scala:1686)
	at org.scalatest.Suite.run(Suite.scala:1114)
	at org.scalatest.Suite.run$(Suite.scala:1096)
	at org.scalatest.flatspec.AnyFlatSpec.org$scalatest$flatspec$AnyFlatSpecLike$$super$run(AnyFlatSpec.scala:1686)
	at org.scalatest.flatspec.AnyFlatSpecLike.$anonfun$run$1(AnyFlatSpecLike.scala:1925)
	at org.scalatest.SuperEngine.runImpl(Engine.scala:535)
	at org.scalatest.flatspec.AnyFlatSpecLike.run(AnyFlatSpecLike.scala:1925)
	at org.scalatest.flatspec.AnyFlatSpecLike.run$(AnyFlatSpecLike.scala:1923)
	at org.scalatest.flatspec.AnyFlatSpec.run(AnyFlatSpec.scala:1686)
	at org.scalatest.tools.Framework.org$scalatest$tools$Framework$$runSuite(Framework.scala:321)
	at org.scalatest.tools.Framework$ScalaTestTask.execute(Framework.scala:516)
	at sbt.TestRunner.runTest$1(TestFramework.scala:146)
	at sbt.TestRunner.run(TestFramework.scala:161)
	at sbt.TestFramework$$anon$3$$anonfun$$lessinit$greater$1.$anonfun$apply$1(TestFramework.scala:329)
	at sbt.TestFramework$.sbt$TestFramework$$withContextLoader(TestFramework.scala:289)
	at sbt.TestFramework$$anon$3$$anonfun$$lessinit$greater$1.apply(TestFramework.scala:329)
	at sbt.TestFramework$$anon$3$$anonfun$$lessinit$greater$1.apply(TestFramework.scala:329)
	at sbt.TestFunction.apply(TestFramework.scala:341)
	at sbt.Tests$.$anonfun$toTask$1(Tests.scala:435)
	at sbt.std.Transform$$anon$3.$anonfun$apply$2(Transform.scala:46)
	at sbt.std.Transform$$anon$4.work(Transform.scala:68)
	at sbt.Execute.$anonfun$submit$2(Execute.scala:282)
	at sbt.internal.util.ErrorHandling$.wideConvert(ErrorHandling.scala:23)
	at sbt.Execute.work(Execute.scala:291)
	at sbt.Execute.$anonfun$submit$1(Execute.scala:282)
	at sbt.ConcurrentRestrictions$$anon$4.$anonfun$submitValid$1(ConcurrentRestrictions.scala:265)
	at sbt.CompletionService$$anon$2.call(CompletionService.scala:64)
	at java.base/java.util.concurrent.FutureTask.run(FutureTask.java:264)
	at java.base/java.util.concurrent.Executors$RunnableAdapter.call(Executors.java:539)
	at java.base/java.util.concurrent.FutureTask.run(FutureTask.java:264)
	at java.base/java.util.concurrent.ThreadPoolExecutor.runWorker(ThreadPoolExecutor.java:1136)
	at java.base/java.util.concurrent.ThreadPoolExecutor$Worker.run(ThreadPoolExecutor.java:635)
	at java.base/java.lang.Thread.run(Thread.java:833)
</failure>
                    </testcase><testcase classname="jsy.student.Lab6SpecRunner" name="parse should on '(aa)*' produce a RegExpr AST matching the reference" time="0.0">
                      <failure type="jsy.lab5.Parser$SyntaxError">SyntaxError
&lt;source&gt;:1:1: expected intersect
(aa)*
^
	at jsy.lab6.Lab6Like$REParserLike.parse(Lab6Like.scala:59)
	at jsy.lab6.Lab6Like$REParserLike.parse$(Lab6Like.scala:56)
	at jsy.student.Lab6$REParser$.parse(Lab6.scala:84)
	at jsy.lab6.Lab6Like$REParserLike.parse(Lab6Like.scala:63)
	at jsy.lab6.Lab6Like$REParserLike.parse$(Lab6Like.scala:63)
	at jsy.student.Lab6$REParser$.parse(Lab6.scala:84)
	at jsy.student.Lab6Spec.$anonfun$new$23(Lab6Spec.scala:117)
	at org.scalatest.OutcomeOf.outcomeOf(OutcomeOf.scala:85)
	at org.scalatest.OutcomeOf.outcomeOf$(OutcomeOf.scala:83)
	at org.scalatest.OutcomeOf$.outcomeOf(OutcomeOf.scala:104)
	at org.scalatest.Transformer.apply(Transformer.scala:22)
	at org.scalatest.Transformer.apply(Transformer.scala:20)
	at org.scalatest.flatspec.AnyFlatSpecLike$$anon$5.apply(AnyFlatSpecLike.scala:1812)
	at org.scalatest.TestSuite.withFixture(TestSuite.scala:196)
	at org.scalatest.TestSuite.withFixture$(TestSuite.scala:195)
	at org.scalatest.flatspec.AnyFlatSpec.withFixture(AnyFlatSpec.scala:1686)
	at org.scalatest.flatspec.AnyFlatSpecLike.invokeWithFixture$1(AnyFlatSpecLike.scala:1810)
	at org.scalatest.flatspec.AnyFlatSpecLike.$anonfun$runTest$1(AnyFlatSpecLike.scala:1822)
	at org.scalatest.SuperEngine.runTestImpl(Engine.scala:306)
	at org.scalatest.flatspec.AnyFlatSpecLike.runTest(AnyFlatSpecLike.scala:1822)
	at org.scalatest.flatspec.AnyFlatSpecLike.runTest$(AnyFlatSpecLike.scala:1804)
	at org.scalatest.flatspec.AnyFlatSpec.runTest(AnyFlatSpec.scala:1686)
	at org.scalatest.flatspec.AnyFlatSpecLike.$anonfun$runTests$1(AnyFlatSpecLike.scala:1880)
	at org.scalatest.SuperEngine.$anonfun$runTestsInBranch$1(Engine.scala:413)
	at scala.collection.immutable.List.foreach(List.scala:333)
	at org.scalatest.SuperEngine.traverseSubNodes$1(Engine.scala:401)
	at org.scalatest.SuperEngine.runTestsInBranch(Engine.scala:390)
	at org.scalatest.SuperEngine.$anonfun$runTestsInBranch$1(Engine.scala:427)
	at scala.collection.immutable.List.foreach(List.scala:333)
	at org.scalatest.SuperEngine.traverseSubNodes$1(Engine.scala:401)
	at org.scalatest.SuperEngine.runTestsInBranch(Engine.scala:396)
	at org.scalatest.SuperEngine.runTestsImpl(Engine.scala:475)
	at org.scalatest.flatspec.AnyFlatSpecLike.runTests(AnyFlatSpecLike.scala:1880)
	at org.scalatest.flatspec.AnyFlatSpecLike.runTests$(AnyFlatSpecLike.scala:1879)
	at org.scalatest.flatspec.AnyFlatSpec.runTests(AnyFlatSpec.scala:1686)
	at org.scalatest.Suite.run(Suite.scala:1114)
	at org.scalatest.Suite.run$(Suite.scala:1096)
	at org.scalatest.flatspec.AnyFlatSpec.org$scalatest$flatspec$AnyFlatSpecLike$$super$run(AnyFlatSpec.scala:1686)
	at org.scalatest.flatspec.AnyFlatSpecLike.$anonfun$run$1(AnyFlatSpecLike.scala:1925)
	at org.scalatest.SuperEngine.runImpl(Engine.scala:535)
	at org.scalatest.flatspec.AnyFlatSpecLike.run(AnyFlatSpecLike.scala:1925)
	at org.scalatest.flatspec.AnyFlatSpecLike.run$(AnyFlatSpecLike.scala:1923)
	at org.scalatest.flatspec.AnyFlatSpec.run(AnyFlatSpec.scala:1686)
	at org.scalatest.tools.Framework.org$scalatest$tools$Framework$$runSuite(Framework.scala:321)
	at org.scalatest.tools.Framework$ScalaTestTask.execute(Framework.scala:516)
	at sbt.TestRunner.runTest$1(TestFramework.scala:146)
	at sbt.TestRunner.run(TestFramework.scala:161)
	at sbt.TestFramework$$anon$3$$anonfun$$lessinit$greater$1.$anonfun$apply$1(TestFramework.scala:329)
	at sbt.TestFramework$.sbt$TestFramework$$withContextLoader(TestFramework.scala:289)
	at sbt.TestFramework$$anon$3$$anonfun$$lessinit$greater$1.apply(TestFramework.scala:329)
	at sbt.TestFramework$$anon$3$$anonfun$$lessinit$greater$1.apply(TestFramework.scala:329)
	at sbt.TestFunction.apply(TestFramework.scala:341)
	at sbt.Tests$.$anonfun$toTask$1(Tests.scala:435)
	at sbt.std.Transform$$anon$3.$anonfun$apply$2(Transform.scala:46)
	at sbt.std.Transform$$anon$4.work(Transform.scala:68)
	at sbt.Execute.$anonfun$submit$2(Execute.scala:282)
	at sbt.internal.util.ErrorHandling$.wideConvert(ErrorHandling.scala:23)
	at sbt.Execute.work(Execute.scala:291)
	at sbt.Execute.$anonfun$submit$1(Execute.scala:282)
	at sbt.ConcurrentRestrictions$$anon$4.$anonfun$submitValid$1(ConcurrentRestrictions.scala:265)
	at sbt.CompletionService$$anon$2.call(CompletionService.scala:64)
	at java.base/java.util.concurrent.FutureTask.run(FutureTask.java:264)
	at java.base/java.util.concurrent.Executors$RunnableAdapter.call(Executors.java:539)
	at java.base/java.util.concurrent.FutureTask.run(FutureTask.java:264)
	at java.base/java.util.concurrent.ThreadPoolExecutor.runWorker(ThreadPoolExecutor.java:1136)
	at java.base/java.util.concurrent.ThreadPoolExecutor$Worker.run(ThreadPoolExecutor.java:635)
	at java.base/java.lang.Thread.run(Thread.java:833)
</failure>
                    </testcase><testcase classname="jsy.student.Lab6SpecRunner" name="retest should test '' on 'a'" time="0.003">
                      
                    </testcase><testcase classname="jsy.student.Lab6SpecRunner" name="retest should test 'a' on 'a'" time="0.001">
                      
                    </testcase><testcase classname="jsy.student.Lab6SpecRunner" name="retest should test 'aa' on 'a'" time="0.0">
                      
                    </testcase><testcase classname="jsy.student.Lab6SpecRunner" name="retest should test 'ab' on 'a'" time="0.0">
                      
                    </testcase><testcase classname="jsy.student.Lab6SpecRunner" name="retest should test 'aaa' on 'a'" time="0.001">
                      
                    </testcase><testcase classname="jsy.student.Lab6SpecRunner" name="retest should test '' on 'b'" time="0.0">
                      
                    </testcase><testcase classname="jsy.student.Lab6SpecRunner" name="retest should test 'a' on 'b'" time="0.0">
                      
                    </testcase><testcase classname="jsy.student.Lab6SpecRunner" name="retest should test 'aa' on 'b'" time="0.001">
                      
                    </testcase><testcase classname="jsy.student.Lab6SpecRunner" name="retest should test 'ab' on 'b'" time="0.0">
                      
                    </testcase><testcase classname="jsy.student.Lab6SpecRunner" name="retest should test 'aaa' on 'b'" time="0.0">
                      
                    </testcase><testcase classname="jsy.student.Lab6SpecRunner" name="retest should test '' on '.'" time="0.0">
                      
                    </testcase><testcase classname="jsy.student.Lab6SpecRunner" name="retest should test 'a' on '.'" time="0.0">
                      
                    </testcase><testcase classname="jsy.student.Lab6SpecRunner" name="retest should test 'aa' on '.'" time="0.001">
                      
                    </testcase><testcase classname="jsy.student.Lab6SpecRunner" name="retest should test 'ab' on '.'" time="0.001">
                      
                    </testcase><testcase classname="jsy.student.Lab6SpecRunner" name="retest should test 'aaa' on '.'" time="0.0">
                      
                    </testcase><testcase classname="jsy.student.Lab6SpecRunner" name="retest should test '' on 'aa'" time="0.0">
                      
                    </testcase><testcase classname="jsy.student.Lab6SpecRunner" name="retest should test 'a' on 'aa'" time="0.0">
                      
                    </testcase><testcase classname="jsy.student.Lab6SpecRunner" name="retest should test 'aa' on 'aa'" time="0.0">
                      
                    </testcase><testcase classname="jsy.student.Lab6SpecRunner" name="retest should test 'ab' on 'aa'" time="0.0">
                      
                    </testcase><testcase classname="jsy.student.Lab6SpecRunner" name="retest should test 'aaa' on 'aa'" time="0.001">
                      
                    </testcase><testcase classname="jsy.student.Lab6SpecRunner" name="retest should test '' on '(aa)*'" time="0.0">
                      
                    </testcase><testcase classname="jsy.student.Lab6SpecRunner" name="retest should test 'a' on '(aa)*'" time="0.0">
                      
                    </testcase><testcase classname="jsy.student.Lab6SpecRunner" name="retest should test 'aa' on '(aa)*'" time="0.0">
                      
                    </testcase><testcase classname="jsy.student.Lab6SpecRunner" name="retest should test 'ab' on '(aa)*'" time="0.0">
                      
                    </testcase><testcase classname="jsy.student.Lab6SpecRunner" name="retest should test 'aaa' on '(aa)*'" time="0.0">
                      
                    </testcase>
          <system-out><![CDATA[]]></system-out>
          <system-err><![CDATA[]]></system-err>
        </testsuite>