<?xml version='1.0' encoding='UTF-8'?>
<testsuite hostname="rgnt1-32-113-dhcp.int.colorado.edu" name="jsy.student.Lab6FoldLeftTestsRunner" tests="2" errors="0" failures="0" skipped="0" time="0.136" timestamp="2022-11-29T15:02:12">
          <properties>
[...]
</properties>
          <testcase classname="jsy.student.Lab6FoldLeftTestsRunner" name="foldLeftAndThen should perform left-to-right, in-order traversal to reverse a list" time="0.13">
                      
                    </testcase><testcase classname="jsy.student.Lab6FoldLeftTestsRunner" name="foldLeftAndThen should perform left-to-right, in-order traversal to compute multiplication of elements" time="0.006">
                      
                    </testcase>
          <system-out><![CDATA[]]></system-out>
          <system-err><![CDATA[]]></system-err>
        </testsuite>